c:\users\aivazquez\desktop\visualstudioprojects\c++ projects\computer graphics i\gat350\raytracer\x64\debug\vc143.pdb
c:\users\aivazquez\desktop\visualstudioprojects\c++ projects\computer graphics i\gat350\raytracer\x64\debug\vc143.idb
c:\users\aivazquez\desktop\visualstudioprojects\c++ projects\computer graphics i\gat350\raytracer\x64\debug\tracer.obj
c:\users\aivazquez\desktop\visualstudioprojects\c++ projects\computer graphics i\gat350\raytracer\x64\debug\sphere.obj
c:\users\aivazquez\desktop\visualstudioprojects\c++ projects\computer graphics i\gat350\raytracer\x64\debug\scene.obj
c:\users\aivazquez\desktop\visualstudioprojects\c++ projects\computer graphics i\gat350\raytracer\x64\debug\renderer.obj
c:\users\aivazquez\desktop\visualstudioprojects\c++ projects\computer graphics i\gat350\raytracer\x64\debug\postprocess.obj
c:\users\aivazquez\desktop\visualstudioprojects\c++ projects\computer graphics i\gat350\raytracer\x64\debug\plane.obj
c:\users\aivazquez\desktop\visualstudioprojects\c++ projects\computer graphics i\gat350\raytracer\x64\debug\model.obj
c:\users\aivazquez\desktop\visualstudioprojects\c++ projects\computer graphics i\gat350\raytracer\x64\debug\material.obj
c:\users\aivazquez\desktop\visualstudioprojects\c++ projects\computer graphics i\gat350\raytracer\x64\debug\input.obj
c:\users\aivazquez\desktop\visualstudioprojects\c++ projects\computer graphics i\gat350\raytracer\x64\debug\image.obj
c:\users\aivazquez\desktop\visualstudioprojects\c++ projects\computer graphics i\gat350\raytracer\x64\debug\framebuffer.obj
c:\users\aivazquez\desktop\visualstudioprojects\c++ projects\computer graphics i\gat350\raytracer\x64\debug\etime.obj
c:\users\aivazquez\desktop\visualstudioprojects\c++ projects\computer graphics i\gat350\raytracer\x64\debug\color.obj
c:\users\aivazquez\desktop\visualstudioprojects\c++ projects\computer graphics i\gat350\raytracer\x64\debug\camera.obj
c:\users\aivazquez\desktop\visualstudioprojects\c++ projects\computer graphics i\gat350\raytracer\x64\debug\actor.obj
c:\users\aivazquez\desktop\visualstudioprojects\c++ projects\computer graphics i\gat350\raytracer\x64\debug\raytracer.tlog\cl.command.1.tlog
c:\users\aivazquez\desktop\visualstudioprojects\c++ projects\computer graphics i\gat350\raytracer\x64\debug\raytracer.tlog\cl.read.1.tlog
c:\users\aivazquez\desktop\visualstudioprojects\c++ projects\computer graphics i\gat350\raytracer\x64\debug\raytracer.tlog\cl.write.1.tlog
