c:\users\aivazquez\desktop\visualstudioprojects\c++ projects\computer graphics i\gat350\2d\x64\release\vc143.pdb
c:\users\aivazquez\desktop\visualstudioprojects\c++ projects\computer graphics i\gat350\2d\x64\release\renderer.obj
c:\users\aivazquez\desktop\visualstudioprojects\c++ projects\computer graphics i\gat350\2d\x64\release\postprocess.obj
c:\users\aivazquez\desktop\visualstudioprojects\c++ projects\computer graphics i\gat350\2d\x64\release\model.obj
c:\users\aivazquez\desktop\visualstudioprojects\c++ projects\computer graphics i\gat350\2d\x64\release\main.obj
c:\users\aivazquez\desktop\visualstudioprojects\c++ projects\computer graphics i\gat350\2d\x64\release\input.obj
c:\users\aivazquez\desktop\visualstudioprojects\c++ projects\computer graphics i\gat350\2d\x64\release\image.obj
c:\users\aivazquez\desktop\visualstudioprojects\c++ projects\computer graphics i\gat350\2d\x64\release\framebuffer.obj
c:\users\aivazquez\desktop\visualstudioprojects\c++ projects\computer graphics i\gat350\2d\x64\release\etime.obj
c:\users\aivazquez\desktop\visualstudioprojects\c++ projects\computer graphics i\gat350\2d\x64\release\color.obj
c:\users\aivazquez\desktop\visualstudioprojects\c++ projects\computer graphics i\gat350\2d\x64\release\camera.obj
c:\users\aivazquez\desktop\visualstudioprojects\c++ projects\computer graphics i\gat350\2d\x64\release\actor.obj
c:\users\aivazquez\desktop\visualstudioprojects\c++ projects\computer graphics i\gat350\x64\release\2d.exe
c:\users\aivazquez\desktop\visualstudioprojects\c++ projects\computer graphics i\gat350\x64\release\2d.pdb
c:\users\aivazquez\desktop\visualstudioprojects\c++ projects\computer graphics i\gat350\2d\x64\release\2d.ipdb
c:\users\aivazquez\desktop\visualstudioprojects\c++ projects\computer graphics i\gat350\2d\x64\release\2d.iobj
c:\users\aivazquez\desktop\visualstudioprojects\c++ projects\computer graphics i\gat350\2d\x64\release\2d.tlog\cl.command.1.tlog
c:\users\aivazquez\desktop\visualstudioprojects\c++ projects\computer graphics i\gat350\2d\x64\release\2d.tlog\cl.items.tlog
c:\users\aivazquez\desktop\visualstudioprojects\c++ projects\computer graphics i\gat350\2d\x64\release\2d.tlog\cl.read.1.tlog
c:\users\aivazquez\desktop\visualstudioprojects\c++ projects\computer graphics i\gat350\2d\x64\release\2d.tlog\cl.write.1.tlog
c:\users\aivazquez\desktop\visualstudioprojects\c++ projects\computer graphics i\gat350\2d\x64\release\2d.tlog\link.command.1.tlog
c:\users\aivazquez\desktop\visualstudioprojects\c++ projects\computer graphics i\gat350\2d\x64\release\2d.tlog\link.read.1.tlog
c:\users\aivazquez\desktop\visualstudioprojects\c++ projects\computer graphics i\gat350\2d\x64\release\2d.tlog\link.secondary.1.tlog
c:\users\aivazquez\desktop\visualstudioprojects\c++ projects\computer graphics i\gat350\2d\x64\release\2d.tlog\link.write.1.tlog
