c:\users\aivazquez\desktop\visualstudioprojects\c++ projects\computer graphics i\gat350\raytracer\x64\release\vc143.pdb
c:\users\aivazquez\desktop\visualstudioprojects\c++ projects\computer graphics i\gat350\raytracer\x64\release\tracer.obj
c:\users\aivazquez\desktop\visualstudioprojects\c++ projects\computer graphics i\gat350\raytracer\x64\release\sphere.obj
c:\users\aivazquez\desktop\visualstudioprojects\c++ projects\computer graphics i\gat350\raytracer\x64\release\scene.obj
c:\users\aivazquez\desktop\visualstudioprojects\c++ projects\computer graphics i\gat350\raytracer\x64\release\renderer.obj
c:\users\aivazquez\desktop\visualstudioprojects\c++ projects\computer graphics i\gat350\raytracer\x64\release\postprocess.obj
c:\users\aivazquez\desktop\visualstudioprojects\c++ projects\computer graphics i\gat350\raytracer\x64\release\plane.obj
c:\users\aivazquez\desktop\visualstudioprojects\c++ projects\computer graphics i\gat350\raytracer\x64\release\model.obj
c:\users\aivazquez\desktop\visualstudioprojects\c++ projects\computer graphics i\gat350\raytracer\x64\release\material.obj
c:\users\aivazquez\desktop\visualstudioprojects\c++ projects\computer graphics i\gat350\raytracer\x64\release\main.obj
c:\users\aivazquez\desktop\visualstudioprojects\c++ projects\computer graphics i\gat350\raytracer\x64\release\input.obj
c:\users\aivazquez\desktop\visualstudioprojects\c++ projects\computer graphics i\gat350\raytracer\x64\release\image.obj
c:\users\aivazquez\desktop\visualstudioprojects\c++ projects\computer graphics i\gat350\raytracer\x64\release\framebuffer.obj
c:\users\aivazquez\desktop\visualstudioprojects\c++ projects\computer graphics i\gat350\raytracer\x64\release\etime.obj
c:\users\aivazquez\desktop\visualstudioprojects\c++ projects\computer graphics i\gat350\raytracer\x64\release\color.obj
c:\users\aivazquez\desktop\visualstudioprojects\c++ projects\computer graphics i\gat350\raytracer\x64\release\camera.obj
c:\users\aivazquez\desktop\visualstudioprojects\c++ projects\computer graphics i\gat350\raytracer\x64\release\actor.obj
c:\users\aivazquez\desktop\visualstudioprojects\c++ projects\computer graphics i\gat350\raytracer\x64\release\triangle.obj
c:\users\aivazquez\desktop\visualstudioprojects\c++ projects\computer graphics i\gat350\x64\release\raytracer.exe
c:\users\aivazquez\desktop\visualstudioprojects\c++ projects\computer graphics i\gat350\x64\release\raytracer.pdb
c:\users\aivazquez\desktop\visualstudioprojects\c++ projects\computer graphics i\gat350\raytracer\x64\release\raytracer.ipdb
c:\users\aivazquez\desktop\visualstudioprojects\c++ projects\computer graphics i\gat350\raytracer\x64\release\raytracer.iobj
c:\users\aivazquez\desktop\visualstudioprojects\c++ projects\computer graphics i\gat350\raytracer\x64\release\raytracer.tlog\cl.command.1.tlog
c:\users\aivazquez\desktop\visualstudioprojects\c++ projects\computer graphics i\gat350\raytracer\x64\release\raytracer.tlog\cl.items.tlog
c:\users\aivazquez\desktop\visualstudioprojects\c++ projects\computer graphics i\gat350\raytracer\x64\release\raytracer.tlog\cl.read.1.tlog
c:\users\aivazquez\desktop\visualstudioprojects\c++ projects\computer graphics i\gat350\raytracer\x64\release\raytracer.tlog\cl.write.1.tlog
c:\users\aivazquez\desktop\visualstudioprojects\c++ projects\computer graphics i\gat350\raytracer\x64\release\raytracer.tlog\link.command.1.tlog
c:\users\aivazquez\desktop\visualstudioprojects\c++ projects\computer graphics i\gat350\raytracer\x64\release\raytracer.tlog\link.read.1.tlog
c:\users\aivazquez\desktop\visualstudioprojects\c++ projects\computer graphics i\gat350\raytracer\x64\release\raytracer.tlog\link.secondary.1.tlog
c:\users\aivazquez\desktop\visualstudioprojects\c++ projects\computer graphics i\gat350\raytracer\x64\release\raytracer.tlog\link.write.1.tlog
